<?xml version="1.0" encoding="UTF-8"?>
<!-- Generated by org.testng.reporters.JUnitReportReporter -->
<testsuite hostname="mindc1d290" failures="0" tests="1" name="mindtree.Urban.signuptestcase" time="18.514" errors="0" timestamp="2022-05-19T14:39:52 IST" skipped="0">
  <testcase classname="mindtree.Urban.signuptestcase" name="Test3" time="18.514"/>
  <system-out/>
</testsuite> <!-- mindtree.Urban.signuptestcase -->
