<?xml version="1.0" encoding="UTF-8"?>
<!-- Generated by org.testng.reporters.JUnitReportReporter -->
<testsuite hostname="mindc1d290" failures="0" tests="1" name="mindtree.Urban.SearchtestCase" time="18.726" errors="0" timestamp="2022-05-19T14:39:52 IST" skipped="0">
  <testcase classname="mindtree.Urban.SearchtestCase" name="Test2" time="18.726"/>
  <system-out/>
</testsuite> <!-- mindtree.Urban.SearchtestCase -->
